<?xml version="1.0" encoding="UTF-8"?>
<!-- Generated by org.testng.reporters.JUnitReportReporter -->
<testsuite hostname="Lenovo" failures="0" tests="4" name="TestRunner.Run" time="32.111" errors="0" timestamp="2025-02-09T18:49:38 IST" skipped="0">
  <testcase classname="TestRunner.Run" name="runScenario" time="6.598"/>
  <system-out/>
  <testcase classname="TestRunner.Run" name="runScenario" time="9.950"/>
  <system-out/>
  <testcase classname="TestRunner.Run" name="runScenario" time="8.283"/>
  <system-out/>
  <testcase classname="TestRunner.Run" name="runScenario" time="7.280"/>
  <system-out/>
</testsuite> <!-- TestRunner.Run -->
